<?xml version="1.0" encoding="UTF-8"?>
<!-- Generated by org.testng.reporters.JUnitXMLReporter -->
<testsuite hostname="hms-update4" name="Default test" tests="3" failures="0" timestamp="9 Aug 2017 09:51:41 GMT" time="90.823" errors="0">
  <testcase name="fn_verifyAdmineConsoleSuccessfulLogin" time="0.469" classname="com.hotelogix.languageSmoke.test.Admin.AdminTest_PT"/>
  <testcase name="fn_verifyAdditionOfAmenity" time="21.652" classname="com.hotelogix.languageSmoke.test.Admin.AdminTest_PT"/>
  <testcase name="fn_verifyAdditionOfRoom" time="14.394" classname="com.hotelogix.languageSmoke.test.Admin.AdminTest_PT"/>
</testsuite> <!-- Default test -->
