<?xml version="1.0" encoding="UTF-8"?>
<!-- Generated by org.testng.reporters.JUnitXMLReporter -->
<testsuite hostname="hms-update4" name="Test" tests="6" failures="0" timestamp="17 Aug 2017 11:04:03 GMT" time="258.257" errors="0">
  <testcase name="fn_verifyAdmineConsoleSuccessfulLogin" time="0.505" classname="com.hotelogix.languageSmoke.test.Admin.AdminTest_PT"/>
  <testcase name="fn_verifyAdditionOfAmenity" time="22.677" classname="com.hotelogix.languageSmoke.test.Admin.AdminTest_PT"/>
  <testcase name="fn_verifyAdditionOfRoom" time="16.039" classname="com.hotelogix.languageSmoke.test.Admin.AdminTest_PT"/>
  <testcase name="fn_verifySaveAndDuplicateRoomBtn" time="15.967" classname="com.hotelogix.languageSmoke.test.Admin.AdminTest_PT"/>
  <testcase name="fn_verifyRoomTaxSelectionInRoomType" time="52.609" classname="com.hotelogix.languageSmoke.test.Admin.AdminTest_PT"/>
  <testcase name="fn_verifyAdditionOfAddOns" time="44.446" classname="com.hotelogix.languageSmoke.test.Admin.AdminTest_PT"/>
</testsuite> <!-- Test -->
