<?xml version="1.0" encoding="UTF-8"?>
<!-- Generated by org.testng.reporters.JUnitXMLReporter -->
<testsuite hostname="hms-update4" name="Test" tests="8" failures="0" timestamp="18 Sep 2017 09:17:14 GMT" time="601.999" errors="0">
  <testcase name="fn_verifyAdmineConsoleSuccessfulLogin" time="0.481" classname="com.hotelogix.languageSmoke.test.Admin.AdminTest_PT"/>
  <testcase name="fn_verifyAdditionOfAmenity" time="17.334" classname="com.hotelogix.languageSmoke.test.Admin.AdminTest_PT"/>
  <testcase name="fn_verifyAdditionOfRoom" time="12.228" classname="com.hotelogix.languageSmoke.test.Admin.AdminTest_PT"/>
  <testcase name="fn_verifySaveAndDuplicateRoomBtn" time="13.091" classname="com.hotelogix.languageSmoke.test.Admin.AdminTest_PT"/>
  <testcase name="fn_verifyRoomTaxSelectionInRoomType" time="45.378" classname="com.hotelogix.languageSmoke.test.Admin.AdminTest_PT"/>
  <testcase name="fn_verifyAdditionOfAddOns" time="40.897" classname="com.hotelogix.languageSmoke.test.Admin.AdminTest_PT"/>
  <testcase name="fn_verifyAddAPackageWithInclusion" time="142.677" classname="com.hotelogix.languageSmoke.test.Admin.AdminTest_PT"/>
  <testcase name="fn_verifyPkgAttachmentToFrontdesk" time="45.367" classname="com.hotelogix.languageSmoke.test.Admin.AdminTest_PT"/>
</testsuite> <!-- Test -->
