<?xml version="1.0" encoding="UTF-8"?>
<testng-results skipped="0" failed="0" total="0" passed="0">
  <reporter-output>
  </reporter-output>
  <suite name="LanguagesAutomation.LanguagesAutomation.AppTest" duration-ms="2" started-at="2016-12-26T06:48:23Z" finished-at="2016-12-26T06:48:23Z">
    <groups>
    </groups>
    <test name="Command line test" duration-ms="2" started-at="2016-12-26T06:48:23Z" finished-at="2016-12-26T06:48:23Z">
    </test> <!-- Command line test -->
  </suite> <!-- LanguagesAutomation.LanguagesAutomation.AppTest -->
</testng-results>
